<?xml version="1.0" encoding="UTF-8"?>
<testsuite xmlns:xsi="http://www.w3.org/2001/XMLSchema-instance" xsi:noNamespaceSchemaLocation="https://maven.apache.org/surefire/maven-surefire-plugin/xsd/surefire-test-report.xsd" name="com.example.msusers.MsUsersApplicationTests" time="2.228" tests="1" errors="0" skipped="0" failures="0">
  <properties>
    <property name="java.specification.version" value="17"/>
    <property name="sun.jnu.encoding" value="UTF-8"/>
    <property name="java.class.path" value="/Users/laraconverso/Desktop/Stuff/CTD/CONVERSO-LARA/ms-users/target/test-classes:/Users/laraconverso/Desktop/Stuff/CTD/CONVERSO-LARA/ms-users/target/classes:/Users/laraconverso/.m2/repository/org/springframework/boot/spring-boot-starter-actuator/2.7.1/spring-boot-starter-actuator-2.7.1.jar:/Users/laraconverso/.m2/repository/org/springframework/boot/spring-boot-starter/2.7.1/spring-boot-starter-2.7.1.jar:/Users/laraconverso/.m2/repository/org/springframework/boot/spring-boot-starter-logging/2.7.1/spring-boot-starter-logging-2.7.1.jar:/Users/laraconverso/.m2/repository/ch/qos/logback/logback-classic/1.2.11/logback-classic-1.2.11.jar:/Users/laraconverso/.m2/repository/ch/qos/logback/logback-core/1.2.11/logback-core-1.2.11.jar:/Users/laraconverso/.m2/repository/org/apache/logging/log4j/log4j-to-slf4j/2.17.2/log4j-to-slf4j-2.17.2.jar:/Users/laraconverso/.m2/repository/org/apache/logging/log4j/log4j-api/2.17.2/log4j-api-2.17.2.jar:/Users/laraconverso/.m2/repository/org/slf4j/jul-to-slf4j/1.7.36/jul-to-slf4j-1.7.36.jar:/Users/laraconverso/.m2/repository/jakarta/annotation/jakarta.annotation-api/1.3.5/jakarta.annotation-api-1.3.5.jar:/Users/laraconverso/.m2/repository/org/yaml/snakeyaml/1.30/snakeyaml-1.30.jar:/Users/laraconverso/.m2/repository/org/springframework/boot/spring-boot-actuator-autoconfigure/2.7.1/spring-boot-actuator-autoconfigure-2.7.1.jar:/Users/laraconverso/.m2/repository/org/springframework/boot/spring-boot-actuator/2.7.1/spring-boot-actuator-2.7.1.jar:/Users/laraconverso/.m2/repository/com/fasterxml/jackson/core/jackson-databind/2.13.3/jackson-databind-2.13.3.jar:/Users/laraconverso/.m2/repository/com/fasterxml/jackson/datatype/jackson-datatype-jsr310/2.13.3/jackson-datatype-jsr310-2.13.3.jar:/Users/laraconverso/.m2/repository/io/micrometer/micrometer-core/1.9.1/micrometer-core-1.9.1.jar:/Users/laraconverso/.m2/repository/org/hdrhistogram/HdrHistogram/2.1.12/HdrHistogram-2.1.12.jar:/Users/laraconverso/.m2/repository/org/latencyutils/LatencyUtils/2.0.3/LatencyUtils-2.0.3.jar:/Users/laraconverso/.m2/repository/org/springframework/boot/spring-boot-starter-web/2.7.1/spring-boot-starter-web-2.7.1.jar:/Users/laraconverso/.m2/repository/org/springframework/boot/spring-boot-starter-json/2.7.1/spring-boot-starter-json-2.7.1.jar:/Users/laraconverso/.m2/repository/com/fasterxml/jackson/datatype/jackson-datatype-jdk8/2.13.3/jackson-datatype-jdk8-2.13.3.jar:/Users/laraconverso/.m2/repository/com/fasterxml/jackson/module/jackson-module-parameter-names/2.13.3/jackson-module-parameter-names-2.13.3.jar:/Users/laraconverso/.m2/repository/org/springframework/boot/spring-boot-starter-tomcat/2.7.1/spring-boot-starter-tomcat-2.7.1.jar:/Users/laraconverso/.m2/repository/org/apache/tomcat/embed/tomcat-embed-core/9.0.64/tomcat-embed-core-9.0.64.jar:/Users/laraconverso/.m2/repository/org/apache/tomcat/embed/tomcat-embed-el/9.0.64/tomcat-embed-el-9.0.64.jar:/Users/laraconverso/.m2/repository/org/apache/tomcat/embed/tomcat-embed-websocket/9.0.64/tomcat-embed-websocket-9.0.64.jar:/Users/laraconverso/.m2/repository/org/springframework/spring-web/5.3.21/spring-web-5.3.21.jar:/Users/laraconverso/.m2/repository/org/springframework/spring-webmvc/5.3.21/spring-webmvc-5.3.21.jar:/Users/laraconverso/.m2/repository/org/springframework/cloud/spring-cloud-starter-openfeign/3.1.3/spring-cloud-starter-openfeign-3.1.3.jar:/Users/laraconverso/.m2/repository/org/springframework/cloud/spring-cloud-starter/3.1.3/spring-cloud-starter-3.1.3.jar:/Users/laraconverso/.m2/repository/org/springframework/cloud/spring-cloud-context/3.1.3/spring-cloud-context-3.1.3.jar:/Users/laraconverso/.m2/repository/org/springframework/security/spring-security-rsa/1.0.10.RELEASE/spring-security-rsa-1.0.10.RELEASE.jar:/Users/laraconverso/.m2/repository/org/bouncycastle/bcpkix-jdk15on/1.68/bcpkix-jdk15on-1.68.jar:/Users/laraconverso/.m2/repository/org/bouncycastle/bcprov-jdk15on/1.68/bcprov-jdk15on-1.68.jar:/Users/laraconverso/.m2/repository/org/springframework/cloud/spring-cloud-openfeign-core/3.1.3/spring-cloud-openfeign-core-3.1.3.jar:/Users/laraconverso/.m2/repository/org/springframework/boot/spring-boot-starter-aop/2.7.1/spring-boot-starter-aop-2.7.1.jar:/Users/laraconverso/.m2/repository/org/aspectj/aspectjweaver/1.9.7/aspectjweaver-1.9.7.jar:/Users/laraconverso/.m2/repository/io/github/openfeign/form/feign-form-spring/3.8.0/feign-form-spring-3.8.0.jar:/Users/laraconverso/.m2/repository/io/github/openfeign/form/feign-form/3.8.0/feign-form-3.8.0.jar:/Users/laraconverso/.m2/repository/commons-fileupload/commons-fileupload/1.4/commons-fileupload-1.4.jar:/Users/laraconverso/.m2/repository/org/springframework/cloud/spring-cloud-commons/3.1.3/spring-cloud-commons-3.1.3.jar:/Users/laraconverso/.m2/repository/io/github/openfeign/feign-core/11.8/feign-core-11.8.jar:/Users/laraconverso/.m2/repository/io/github/openfeign/feign-slf4j/11.8/feign-slf4j-11.8.jar:/Users/laraconverso/.m2/repository/org/slf4j/slf4j-api/1.7.36/slf4j-api-1.7.36.jar:/Users/laraconverso/.m2/repository/org/springframework/cloud/spring-cloud-starter-netflix-eureka-client/3.1.3/spring-cloud-starter-netflix-eureka-client-3.1.3.jar:/Users/laraconverso/.m2/repository/org/springframework/cloud/spring-cloud-netflix-eureka-client/3.1.3/spring-cloud-netflix-eureka-client-3.1.3.jar:/Users/laraconverso/.m2/repository/com/netflix/eureka/eureka-client/1.10.17/eureka-client-1.10.17.jar:/Users/laraconverso/.m2/repository/com/netflix/netflix-commons/netflix-eventbus/0.3.0/netflix-eventbus-0.3.0.jar:/Users/laraconverso/.m2/repository/com/netflix/netflix-commons/netflix-infix/0.3.0/netflix-infix-0.3.0.jar:/Users/laraconverso/.m2/repository/commons-jxpath/commons-jxpath/1.3/commons-jxpath-1.3.jar:/Users/laraconverso/.m2/repository/joda-time/joda-time/2.3/joda-time-2.3.jar:/Users/laraconverso/.m2/repository/org/antlr/antlr-runtime/3.4/antlr-runtime-3.4.jar:/Users/laraconverso/.m2/repository/org/antlr/stringtemplate/3.2.1/stringtemplate-3.2.1.jar:/Users/laraconverso/.m2/repository/antlr/antlr/2.7.7/antlr-2.7.7.jar:/Users/laraconverso/.m2/repository/com/google/code/gson/gson/2.9.0/gson-2.9.0.jar:/Users/laraconverso/.m2/repository/org/apache/commons/commons-math/2.2/commons-math-2.2.jar:/Users/laraconverso/.m2/repository/com/thoughtworks/xstream/xstream/1.4.18/xstream-1.4.18.jar:/Users/laraconverso/.m2/repository/io/github/x-stream/mxparser/1.2.2/mxparser-1.2.2.jar:/Users/laraconverso/.m2/repository/xmlpull/xmlpull/1.1.3.1/xmlpull-1.1.3.1.jar:/Users/laraconverso/.m2/repository/com/netflix/servo/servo-core/0.12.21/servo-core-0.12.21.jar:/Users/laraconverso/.m2/repository/com/google/guava/guava/19.0/guava-19.0.jar:/Users/laraconverso/.m2/repository/org/apache/httpcomponents/httpclient/4.5.13/httpclient-4.5.13.jar:/Users/laraconverso/.m2/repository/org/apache/httpcomponents/httpcore/4.4.15/httpcore-4.4.15.jar:/Users/laraconverso/.m2/repository/commons-configuration/commons-configuration/1.10/commons-configuration-1.10.jar:/Users/laraconverso/.m2/repository/commons-lang/commons-lang/2.6/commons-lang-2.6.jar:/Users/laraconverso/.m2/repository/com/google/inject/guice/4.1.0/guice-4.1.0.jar:/Users/laraconverso/.m2/repository/javax/inject/javax.inject/1/javax.inject-1.jar:/Users/laraconverso/.m2/repository/com/fasterxml/jackson/core/jackson-annotations/2.13.3/jackson-annotations-2.13.3.jar:/Users/laraconverso/.m2/repository/com/fasterxml/jackson/core/jackson-core/2.13.3/jackson-core-2.13.3.jar:/Users/laraconverso/.m2/repository/org/codehaus/jettison/jettison/1.4.0/jettison-1.4.0.jar:/Users/laraconverso/.m2/repository/com/netflix/eureka/eureka-core/1.10.17/eureka-core-1.10.17.jar:/Users/laraconverso/.m2/repository/com/fasterxml/woodstox/woodstox-core/6.2.1/woodstox-core-6.2.1.jar:/Users/laraconverso/.m2/repository/org/codehaus/woodstox/stax2-api/4.2.1/stax2-api-4.2.1.jar:/Users/laraconverso/.m2/repository/org/springframework/cloud/spring-cloud-starter-loadbalancer/3.1.3/spring-cloud-starter-loadbalancer-3.1.3.jar:/Users/laraconverso/.m2/repository/org/springframework/cloud/spring-cloud-loadbalancer/3.1.3/spring-cloud-loadbalancer-3.1.3.jar:/Users/laraconverso/.m2/repository/io/projectreactor/reactor-core/3.4.19/reactor-core-3.4.19.jar:/Users/laraconverso/.m2/repository/io/projectreactor/addons/reactor-extra/3.4.8/reactor-extra-3.4.8.jar:/Users/laraconverso/.m2/repository/org/springframework/boot/spring-boot-starter-cache/2.7.1/spring-boot-starter-cache-2.7.1.jar:/Users/laraconverso/.m2/repository/org/springframework/spring-context-support/5.3.21/spring-context-support-5.3.21.jar:/Users/laraconverso/.m2/repository/com/stoyanr/evictor/1.0.0/evictor-1.0.0.jar:/Users/laraconverso/.m2/repository/org/springframework/boot/spring-boot-devtools/2.7.1/spring-boot-devtools-2.7.1.jar:/Users/laraconverso/.m2/repository/org/springframework/boot/spring-boot/2.7.1/spring-boot-2.7.1.jar:/Users/laraconverso/.m2/repository/org/springframework/boot/spring-boot-autoconfigure/2.7.1/spring-boot-autoconfigure-2.7.1.jar:/Users/laraconverso/.m2/repository/org/projectlombok/lombok/1.18.24/lombok-1.18.24.jar:/Users/laraconverso/.m2/repository/org/keycloak/keycloak-admin-client/20.0.1/keycloak-admin-client-20.0.1.jar:/Users/laraconverso/.m2/repository/org/keycloak/keycloak-core/20.0.1/keycloak-core-20.0.1.jar:/Users/laraconverso/.m2/repository/org/keycloak/keycloak-common/20.0.1/keycloak-common-20.0.1.jar:/Users/laraconverso/.m2/repository/org/jboss/resteasy/resteasy-client/4.7.4.Final/resteasy-client-4.7.4.Final.jar:/Users/laraconverso/.m2/repository/org/jboss/resteasy/resteasy-client-api/4.7.4.Final/resteasy-client-api-4.7.4.Final.jar:/Users/laraconverso/.m2/repository/org/jboss/resteasy/resteasy-core-spi/4.7.4.Final/resteasy-core-spi-4.7.4.Final.jar:/Users/laraconverso/.m2/repository/org/jboss/spec/javax/annotation/jboss-annotations-api_1.3_spec/2.0.1.Final/jboss-annotations-api_1.3_spec-2.0.1.Final.jar:/Users/laraconverso/.m2/repository/jakarta/validation/jakarta.validation-api/2.0.2/jakarta.validation-api-2.0.2.jar:/Users/laraconverso/.m2/repository/org/jboss/resteasy/resteasy-core/4.7.4.Final/resteasy-core-4.7.4.Final.jar:/Users/laraconverso/.m2/repository/com/ibm/async/asyncutil/0.1.0/asyncutil-0.1.0.jar:/Users/laraconverso/.m2/repository/io/smallrye/config/smallrye-config/2.3.0/smallrye-config-2.3.0.jar:/Users/laraconverso/.m2/repository/io/smallrye/config/smallrye-config-core/2.3.0/smallrye-config-core-2.3.0.jar:/Users/laraconverso/.m2/repository/org/eclipse/microprofile/config/microprofile-config-api/2.0/microprofile-config-api-2.0.jar:/Users/laraconverso/.m2/repository/io/smallrye/common/smallrye-common-annotation/1.6.0/smallrye-common-annotation-1.6.0.jar:/Users/laraconverso/.m2/repository/io/smallrye/common/smallrye-common-expression/1.6.0/smallrye-common-expression-1.6.0.jar:/Users/laraconverso/.m2/repository/io/smallrye/common/smallrye-common-function/1.6.0/smallrye-common-function-1.6.0.jar:/Users/laraconverso/.m2/repository/io/smallrye/common/smallrye-common-constraint/1.6.0/smallrye-common-constraint-1.6.0.jar:/Users/laraconverso/.m2/repository/io/smallrye/common/smallrye-common-classloader/1.6.0/smallrye-common-classloader-1.6.0.jar:/Users/laraconverso/.m2/repository/io/smallrye/config/smallrye-config-common/2.3.0/smallrye-config-common-2.3.0.jar:/Users/laraconverso/.m2/repository/org/jboss/logging/jboss-logging/3.4.3.Final/jboss-logging-3.4.3.Final.jar:/Users/laraconverso/.m2/repository/commons-codec/commons-codec/1.15/commons-codec-1.15.jar:/Users/laraconverso/.m2/repository/commons-io/commons-io/2.9.0/commons-io-2.9.0.jar:/Users/laraconverso/.m2/repository/org/jboss/spec/javax/ws/rs/jboss-jaxrs-api_2.1_spec/2.0.1.Final/jboss-jaxrs-api_2.1_spec-2.0.1.Final.jar:/Users/laraconverso/.m2/repository/org/reactivestreams/reactive-streams/1.0.4/reactive-streams-1.0.4.jar:/Users/laraconverso/.m2/repository/org/jboss/resteasy/resteasy-multipart-provider/4.7.4.Final/resteasy-multipart-provider-4.7.4.Final.jar:/Users/laraconverso/.m2/repository/com/sun/mail/jakarta.mail/1.6.7/jakarta.mail-1.6.7.jar:/Users/laraconverso/.m2/repository/com/sun/activation/jakarta.activation/1.2.2/jakarta.activation-1.2.2.jar:/Users/laraconverso/.m2/repository/org/apache/james/apache-mime4j-dom/0.8.3/apache-mime4j-dom-0.8.3.jar:/Users/laraconverso/.m2/repository/org/apache/james/apache-mime4j-core/0.8.3/apache-mime4j-core-0.8.3.jar:/Users/laraconverso/.m2/repository/org/apache/james/apache-mime4j-storage/0.8.3/apache-mime4j-storage-0.8.3.jar:/Users/laraconverso/.m2/repository/org/jboss/resteasy/resteasy-jackson2-provider/4.7.4.Final/resteasy-jackson2-provider-4.7.4.Final.jar:/Users/laraconverso/.m2/repository/com/fasterxml/jackson/jaxrs/jackson-jaxrs-json-provider/2.13.3/jackson-jaxrs-json-provider-2.13.3.jar:/Users/laraconverso/.m2/repository/com/fasterxml/jackson/jaxrs/jackson-jaxrs-base/2.13.3/jackson-jaxrs-base-2.13.3.jar:/Users/laraconverso/.m2/repository/com/fasterxml/jackson/module/jackson-module-jaxb-annotations/2.13.3/jackson-module-jaxb-annotations-2.13.3.jar:/Users/laraconverso/.m2/repository/com/github/java-json-tools/json-patch/1.13/json-patch-1.13.jar:/Users/laraconverso/.m2/repository/com/github/java-json-tools/msg-simple/1.2/msg-simple-1.2.jar:/Users/laraconverso/.m2/repository/com/github/java-json-tools/btf/1.3/btf-1.3.jar:/Users/laraconverso/.m2/repository/com/github/java-json-tools/jackson-coreutils/2.0/jackson-coreutils-2.0.jar:/Users/laraconverso/.m2/repository/org/jboss/resteasy/resteasy-jaxb-provider/4.7.4.Final/resteasy-jaxb-provider-4.7.4.Final.jar:/Users/laraconverso/.m2/repository/org/jboss/spec/javax/xml/bind/jboss-jaxb-api_2.3_spec/2.0.0.Final/jboss-jaxb-api_2.3_spec-2.0.0.Final.jar:/Users/laraconverso/.m2/repository/org/glassfish/jaxb/jaxb-runtime/2.3.6/jaxb-runtime-2.3.6.jar:/Users/laraconverso/.m2/repository/org/glassfish/jaxb/txw2/2.3.6/txw2-2.3.6.jar:/Users/laraconverso/.m2/repository/com/sun/istack/istack-commons-runtime/3.0.12/istack-commons-runtime-3.0.12.jar:/Users/laraconverso/.m2/repository/org/springframework/security/spring-security-core/5.7.2/spring-security-core-5.7.2.jar:/Users/laraconverso/.m2/repository/org/springframework/security/spring-security-crypto/5.7.2/spring-security-crypto-5.7.2.jar:/Users/laraconverso/.m2/repository/org/springframework/spring-aop/5.3.21/spring-aop-5.3.21.jar:/Users/laraconverso/.m2/repository/org/springframework/spring-beans/5.3.21/spring-beans-5.3.21.jar:/Users/laraconverso/.m2/repository/org/springframework/spring-context/5.3.21/spring-context-5.3.21.jar:/Users/laraconverso/.m2/repository/org/springframework/spring-core/5.3.21/spring-core-5.3.21.jar:/Users/laraconverso/.m2/repository/org/springframework/spring-jcl/5.3.21/spring-jcl-5.3.21.jar:/Users/laraconverso/.m2/repository/org/springframework/spring-expression/5.3.21/spring-expression-5.3.21.jar:/Users/laraconverso/.m2/repository/org/springframework/boot/spring-boot-starter-test/2.7.1/spring-boot-starter-test-2.7.1.jar:/Users/laraconverso/.m2/repository/org/springframework/boot/spring-boot-test/2.7.1/spring-boot-test-2.7.1.jar:/Users/laraconverso/.m2/repository/org/springframework/boot/spring-boot-test-autoconfigure/2.7.1/spring-boot-test-autoconfigure-2.7.1.jar:/Users/laraconverso/.m2/repository/com/jayway/jsonpath/json-path/2.7.0/json-path-2.7.0.jar:/Users/laraconverso/.m2/repository/net/minidev/json-smart/2.4.8/json-smart-2.4.8.jar:/Users/laraconverso/.m2/repository/net/minidev/accessors-smart/2.4.8/accessors-smart-2.4.8.jar:/Users/laraconverso/.m2/repository/org/ow2/asm/asm/9.1/asm-9.1.jar:/Users/laraconverso/.m2/repository/jakarta/xml/bind/jakarta.xml.bind-api/2.3.3/jakarta.xml.bind-api-2.3.3.jar:/Users/laraconverso/.m2/repository/jakarta/activation/jakarta.activation-api/1.2.2/jakarta.activation-api-1.2.2.jar:/Users/laraconverso/.m2/repository/org/assertj/assertj-core/3.22.0/assertj-core-3.22.0.jar:/Users/laraconverso/.m2/repository/org/hamcrest/hamcrest/2.2/hamcrest-2.2.jar:/Users/laraconverso/.m2/repository/org/junit/jupiter/junit-jupiter/5.8.2/junit-jupiter-5.8.2.jar:/Users/laraconverso/.m2/repository/org/junit/jupiter/junit-jupiter-api/5.8.2/junit-jupiter-api-5.8.2.jar:/Users/laraconverso/.m2/repository/org/opentest4j/opentest4j/1.2.0/opentest4j-1.2.0.jar:/Users/laraconverso/.m2/repository/org/junit/platform/junit-platform-commons/1.8.2/junit-platform-commons-1.8.2.jar:/Users/laraconverso/.m2/repository/org/apiguardian/apiguardian-api/1.1.2/apiguardian-api-1.1.2.jar:/Users/laraconverso/.m2/repository/org/junit/jupiter/junit-jupiter-params/5.8.2/junit-jupiter-params-5.8.2.jar:/Users/laraconverso/.m2/repository/org/junit/jupiter/junit-jupiter-engine/5.8.2/junit-jupiter-engine-5.8.2.jar:/Users/laraconverso/.m2/repository/org/junit/platform/junit-platform-engine/1.8.2/junit-platform-engine-1.8.2.jar:/Users/laraconverso/.m2/repository/org/mockito/mockito-core/4.5.1/mockito-core-4.5.1.jar:/Users/laraconverso/.m2/repository/net/bytebuddy/byte-buddy/1.12.11/byte-buddy-1.12.11.jar:/Users/laraconverso/.m2/repository/net/bytebuddy/byte-buddy-agent/1.12.11/byte-buddy-agent-1.12.11.jar:/Users/laraconverso/.m2/repository/org/objenesis/objenesis/3.2/objenesis-3.2.jar:/Users/laraconverso/.m2/repository/org/mockito/mockito-junit-jupiter/4.5.1/mockito-junit-jupiter-4.5.1.jar:/Users/laraconverso/.m2/repository/org/skyscreamer/jsonassert/1.5.0/jsonassert-1.5.0.jar:/Users/laraconverso/.m2/repository/com/vaadin/external/google/android-json/0.0.20131108.vaadin1/android-json-0.0.20131108.vaadin1.jar:/Users/laraconverso/.m2/repository/org/springframework/spring-test/5.3.21/spring-test-5.3.21.jar:/Users/laraconverso/.m2/repository/org/xmlunit/xmlunit-core/2.9.0/xmlunit-core-2.9.0.jar:/Users/laraconverso/.m2/repository/org/springframework/security/spring-security-oauth2-client/5.7.2/spring-security-oauth2-client-5.7.2.jar:/Users/laraconverso/.m2/repository/org/springframework/security/spring-security-oauth2-core/5.7.2/spring-security-oauth2-core-5.7.2.jar:/Users/laraconverso/.m2/repository/org/springframework/security/spring-security-web/5.7.2/spring-security-web-5.7.2.jar:/Users/laraconverso/.m2/repository/com/nimbusds/oauth2-oidc-sdk/9.35/oauth2-oidc-sdk-9.35.jar:/Users/laraconverso/.m2/repository/com/github/stephenc/jcip/jcip-annotations/1.0-1/jcip-annotations-1.0-1.jar:/Users/laraconverso/.m2/repository/com/nimbusds/content-type/2.2/content-type-2.2.jar:/Users/laraconverso/.m2/repository/com/nimbusds/lang-tag/1.6/lang-tag-1.6.jar:/Users/laraconverso/.m2/repository/com/nimbusds/nimbus-jose-jwt/9.22/nimbus-jose-jwt-9.22.jar:/Users/laraconverso/.m2/repository/org/springframework/boot/spring-boot-starter-oauth2-resource-server/2.7.1/spring-boot-starter-oauth2-resource-server-2.7.1.jar:/Users/laraconverso/.m2/repository/org/springframework/security/spring-security-config/5.7.2/spring-security-config-5.7.2.jar:/Users/laraconverso/.m2/repository/org/springframework/security/spring-security-oauth2-resource-server/5.7.2/spring-security-oauth2-resource-server-5.7.2.jar:/Users/laraconverso/.m2/repository/org/springframework/security/spring-security-oauth2-jose/5.7.2/spring-security-oauth2-jose-5.7.2.jar:/Users/laraconverso/.m2/repository/org/springframework/boot/spring-boot-starter-security/2.7.1/spring-boot-starter-security-2.7.1.jar:"/>
    <property name="java.vm.vendor" value="Amazon.com Inc."/>
    <property name="sun.arch.data.model" value="64"/>
    <property name="java.vendor.url" value="https://aws.amazon.com/corretto/"/>
    <property name="os.name" value="Mac OS X"/>
    <property name="java.vm.specification.version" value="17"/>
    <property name="sun.java.launcher" value="SUN_STANDARD"/>
    <property name="user.country" value="AR"/>
    <property name="sun.boot.library.path" value="/Users/laraconverso/Library/Java/JavaVirtualMachines/corretto-17.0.7/Contents/Home/lib"/>
    <property name="sun.java.command" value="/Users/laraconverso/Desktop/Stuff/CTD/CONVERSO-LARA/ms-users/target/surefire/surefirebooter11903784806903533538.jar /Users/laraconverso/Desktop/Stuff/CTD/CONVERSO-LARA/ms-users/target/surefire 2023-09-14T02-14-16_668-jvmRun1 surefire3076339600444878416tmp surefire_016311555958139233889tmp"/>
    <property name="http.nonProxyHosts" value="local|*.local|169.254/16|*.169.254/16"/>
    <property name="jdk.debug" value="release"/>
    <property name="surefire.test.class.path" value="/Users/laraconverso/Desktop/Stuff/CTD/CONVERSO-LARA/ms-users/target/test-classes:/Users/laraconverso/Desktop/Stuff/CTD/CONVERSO-LARA/ms-users/target/classes:/Users/laraconverso/.m2/repository/org/springframework/boot/spring-boot-starter-actuator/2.7.1/spring-boot-starter-actuator-2.7.1.jar:/Users/laraconverso/.m2/repository/org/springframework/boot/spring-boot-starter/2.7.1/spring-boot-starter-2.7.1.jar:/Users/laraconverso/.m2/repository/org/springframework/boot/spring-boot-starter-logging/2.7.1/spring-boot-starter-logging-2.7.1.jar:/Users/laraconverso/.m2/repository/ch/qos/logback/logback-classic/1.2.11/logback-classic-1.2.11.jar:/Users/laraconverso/.m2/repository/ch/qos/logback/logback-core/1.2.11/logback-core-1.2.11.jar:/Users/laraconverso/.m2/repository/org/apache/logging/log4j/log4j-to-slf4j/2.17.2/log4j-to-slf4j-2.17.2.jar:/Users/laraconverso/.m2/repository/org/apache/logging/log4j/log4j-api/2.17.2/log4j-api-2.17.2.jar:/Users/laraconverso/.m2/repository/org/slf4j/jul-to-slf4j/1.7.36/jul-to-slf4j-1.7.36.jar:/Users/laraconverso/.m2/repository/jakarta/annotation/jakarta.annotation-api/1.3.5/jakarta.annotation-api-1.3.5.jar:/Users/laraconverso/.m2/repository/org/yaml/snakeyaml/1.30/snakeyaml-1.30.jar:/Users/laraconverso/.m2/repository/org/springframework/boot/spring-boot-actuator-autoconfigure/2.7.1/spring-boot-actuator-autoconfigure-2.7.1.jar:/Users/laraconverso/.m2/repository/org/springframework/boot/spring-boot-actuator/2.7.1/spring-boot-actuator-2.7.1.jar:/Users/laraconverso/.m2/repository/com/fasterxml/jackson/core/jackson-databind/2.13.3/jackson-databind-2.13.3.jar:/Users/laraconverso/.m2/repository/com/fasterxml/jackson/datatype/jackson-datatype-jsr310/2.13.3/jackson-datatype-jsr310-2.13.3.jar:/Users/laraconverso/.m2/repository/io/micrometer/micrometer-core/1.9.1/micrometer-core-1.9.1.jar:/Users/laraconverso/.m2/repository/org/hdrhistogram/HdrHistogram/2.1.12/HdrHistogram-2.1.12.jar:/Users/laraconverso/.m2/repository/org/latencyutils/LatencyUtils/2.0.3/LatencyUtils-2.0.3.jar:/Users/laraconverso/.m2/repository/org/springframework/boot/spring-boot-starter-web/2.7.1/spring-boot-starter-web-2.7.1.jar:/Users/laraconverso/.m2/repository/org/springframework/boot/spring-boot-starter-json/2.7.1/spring-boot-starter-json-2.7.1.jar:/Users/laraconverso/.m2/repository/com/fasterxml/jackson/datatype/jackson-datatype-jdk8/2.13.3/jackson-datatype-jdk8-2.13.3.jar:/Users/laraconverso/.m2/repository/com/fasterxml/jackson/module/jackson-module-parameter-names/2.13.3/jackson-module-parameter-names-2.13.3.jar:/Users/laraconverso/.m2/repository/org/springframework/boot/spring-boot-starter-tomcat/2.7.1/spring-boot-starter-tomcat-2.7.1.jar:/Users/laraconverso/.m2/repository/org/apache/tomcat/embed/tomcat-embed-core/9.0.64/tomcat-embed-core-9.0.64.jar:/Users/laraconverso/.m2/repository/org/apache/tomcat/embed/tomcat-embed-el/9.0.64/tomcat-embed-el-9.0.64.jar:/Users/laraconverso/.m2/repository/org/apache/tomcat/embed/tomcat-embed-websocket/9.0.64/tomcat-embed-websocket-9.0.64.jar:/Users/laraconverso/.m2/repository/org/springframework/spring-web/5.3.21/spring-web-5.3.21.jar:/Users/laraconverso/.m2/repository/org/springframework/spring-webmvc/5.3.21/spring-webmvc-5.3.21.jar:/Users/laraconverso/.m2/repository/org/springframework/cloud/spring-cloud-starter-openfeign/3.1.3/spring-cloud-starter-openfeign-3.1.3.jar:/Users/laraconverso/.m2/repository/org/springframework/cloud/spring-cloud-starter/3.1.3/spring-cloud-starter-3.1.3.jar:/Users/laraconverso/.m2/repository/org/springframework/cloud/spring-cloud-context/3.1.3/spring-cloud-context-3.1.3.jar:/Users/laraconverso/.m2/repository/org/springframework/security/spring-security-rsa/1.0.10.RELEASE/spring-security-rsa-1.0.10.RELEASE.jar:/Users/laraconverso/.m2/repository/org/bouncycastle/bcpkix-jdk15on/1.68/bcpkix-jdk15on-1.68.jar:/Users/laraconverso/.m2/repository/org/bouncycastle/bcprov-jdk15on/1.68/bcprov-jdk15on-1.68.jar:/Users/laraconverso/.m2/repository/org/springframework/cloud/spring-cloud-openfeign-core/3.1.3/spring-cloud-openfeign-core-3.1.3.jar:/Users/laraconverso/.m2/repository/org/springframework/boot/spring-boot-starter-aop/2.7.1/spring-boot-starter-aop-2.7.1.jar:/Users/laraconverso/.m2/repository/org/aspectj/aspectjweaver/1.9.7/aspectjweaver-1.9.7.jar:/Users/laraconverso/.m2/repository/io/github/openfeign/form/feign-form-spring/3.8.0/feign-form-spring-3.8.0.jar:/Users/laraconverso/.m2/repository/io/github/openfeign/form/feign-form/3.8.0/feign-form-3.8.0.jar:/Users/laraconverso/.m2/repository/commons-fileupload/commons-fileupload/1.4/commons-fileupload-1.4.jar:/Users/laraconverso/.m2/repository/org/springframework/cloud/spring-cloud-commons/3.1.3/spring-cloud-commons-3.1.3.jar:/Users/laraconverso/.m2/repository/io/github/openfeign/feign-core/11.8/feign-core-11.8.jar:/Users/laraconverso/.m2/repository/io/github/openfeign/feign-slf4j/11.8/feign-slf4j-11.8.jar:/Users/laraconverso/.m2/repository/org/slf4j/slf4j-api/1.7.36/slf4j-api-1.7.36.jar:/Users/laraconverso/.m2/repository/org/springframework/cloud/spring-cloud-starter-netflix-eureka-client/3.1.3/spring-cloud-starter-netflix-eureka-client-3.1.3.jar:/Users/laraconverso/.m2/repository/org/springframework/cloud/spring-cloud-netflix-eureka-client/3.1.3/spring-cloud-netflix-eureka-client-3.1.3.jar:/Users/laraconverso/.m2/repository/com/netflix/eureka/eureka-client/1.10.17/eureka-client-1.10.17.jar:/Users/laraconverso/.m2/repository/com/netflix/netflix-commons/netflix-eventbus/0.3.0/netflix-eventbus-0.3.0.jar:/Users/laraconverso/.m2/repository/com/netflix/netflix-commons/netflix-infix/0.3.0/netflix-infix-0.3.0.jar:/Users/laraconverso/.m2/repository/commons-jxpath/commons-jxpath/1.3/commons-jxpath-1.3.jar:/Users/laraconverso/.m2/repository/joda-time/joda-time/2.3/joda-time-2.3.jar:/Users/laraconverso/.m2/repository/org/antlr/antlr-runtime/3.4/antlr-runtime-3.4.jar:/Users/laraconverso/.m2/repository/org/antlr/stringtemplate/3.2.1/stringtemplate-3.2.1.jar:/Users/laraconverso/.m2/repository/antlr/antlr/2.7.7/antlr-2.7.7.jar:/Users/laraconverso/.m2/repository/com/google/code/gson/gson/2.9.0/gson-2.9.0.jar:/Users/laraconverso/.m2/repository/org/apache/commons/commons-math/2.2/commons-math-2.2.jar:/Users/laraconverso/.m2/repository/com/thoughtworks/xstream/xstream/1.4.18/xstream-1.4.18.jar:/Users/laraconverso/.m2/repository/io/github/x-stream/mxparser/1.2.2/mxparser-1.2.2.jar:/Users/laraconverso/.m2/repository/xmlpull/xmlpull/1.1.3.1/xmlpull-1.1.3.1.jar:/Users/laraconverso/.m2/repository/com/netflix/servo/servo-core/0.12.21/servo-core-0.12.21.jar:/Users/laraconverso/.m2/repository/com/google/guava/guava/19.0/guava-19.0.jar:/Users/laraconverso/.m2/repository/org/apache/httpcomponents/httpclient/4.5.13/httpclient-4.5.13.jar:/Users/laraconverso/.m2/repository/org/apache/httpcomponents/httpcore/4.4.15/httpcore-4.4.15.jar:/Users/laraconverso/.m2/repository/commons-configuration/commons-configuration/1.10/commons-configuration-1.10.jar:/Users/laraconverso/.m2/repository/commons-lang/commons-lang/2.6/commons-lang-2.6.jar:/Users/laraconverso/.m2/repository/com/google/inject/guice/4.1.0/guice-4.1.0.jar:/Users/laraconverso/.m2/repository/javax/inject/javax.inject/1/javax.inject-1.jar:/Users/laraconverso/.m2/repository/com/fasterxml/jackson/core/jackson-annotations/2.13.3/jackson-annotations-2.13.3.jar:/Users/laraconverso/.m2/repository/com/fasterxml/jackson/core/jackson-core/2.13.3/jackson-core-2.13.3.jar:/Users/laraconverso/.m2/repository/org/codehaus/jettison/jettison/1.4.0/jettison-1.4.0.jar:/Users/laraconverso/.m2/repository/com/netflix/eureka/eureka-core/1.10.17/eureka-core-1.10.17.jar:/Users/laraconverso/.m2/repository/com/fasterxml/woodstox/woodstox-core/6.2.1/woodstox-core-6.2.1.jar:/Users/laraconverso/.m2/repository/org/codehaus/woodstox/stax2-api/4.2.1/stax2-api-4.2.1.jar:/Users/laraconverso/.m2/repository/org/springframework/cloud/spring-cloud-starter-loadbalancer/3.1.3/spring-cloud-starter-loadbalancer-3.1.3.jar:/Users/laraconverso/.m2/repository/org/springframework/cloud/spring-cloud-loadbalancer/3.1.3/spring-cloud-loadbalancer-3.1.3.jar:/Users/laraconverso/.m2/repository/io/projectreactor/reactor-core/3.4.19/reactor-core-3.4.19.jar:/Users/laraconverso/.m2/repository/io/projectreactor/addons/reactor-extra/3.4.8/reactor-extra-3.4.8.jar:/Users/laraconverso/.m2/repository/org/springframework/boot/spring-boot-starter-cache/2.7.1/spring-boot-starter-cache-2.7.1.jar:/Users/laraconverso/.m2/repository/org/springframework/spring-context-support/5.3.21/spring-context-support-5.3.21.jar:/Users/laraconverso/.m2/repository/com/stoyanr/evictor/1.0.0/evictor-1.0.0.jar:/Users/laraconverso/.m2/repository/org/springframework/boot/spring-boot-devtools/2.7.1/spring-boot-devtools-2.7.1.jar:/Users/laraconverso/.m2/repository/org/springframework/boot/spring-boot/2.7.1/spring-boot-2.7.1.jar:/Users/laraconverso/.m2/repository/org/springframework/boot/spring-boot-autoconfigure/2.7.1/spring-boot-autoconfigure-2.7.1.jar:/Users/laraconverso/.m2/repository/org/projectlombok/lombok/1.18.24/lombok-1.18.24.jar:/Users/laraconverso/.m2/repository/org/keycloak/keycloak-admin-client/20.0.1/keycloak-admin-client-20.0.1.jar:/Users/laraconverso/.m2/repository/org/keycloak/keycloak-core/20.0.1/keycloak-core-20.0.1.jar:/Users/laraconverso/.m2/repository/org/keycloak/keycloak-common/20.0.1/keycloak-common-20.0.1.jar:/Users/laraconverso/.m2/repository/org/jboss/resteasy/resteasy-client/4.7.4.Final/resteasy-client-4.7.4.Final.jar:/Users/laraconverso/.m2/repository/org/jboss/resteasy/resteasy-client-api/4.7.4.Final/resteasy-client-api-4.7.4.Final.jar:/Users/laraconverso/.m2/repository/org/jboss/resteasy/resteasy-core-spi/4.7.4.Final/resteasy-core-spi-4.7.4.Final.jar:/Users/laraconverso/.m2/repository/org/jboss/spec/javax/annotation/jboss-annotations-api_1.3_spec/2.0.1.Final/jboss-annotations-api_1.3_spec-2.0.1.Final.jar:/Users/laraconverso/.m2/repository/jakarta/validation/jakarta.validation-api/2.0.2/jakarta.validation-api-2.0.2.jar:/Users/laraconverso/.m2/repository/org/jboss/resteasy/resteasy-core/4.7.4.Final/resteasy-core-4.7.4.Final.jar:/Users/laraconverso/.m2/repository/com/ibm/async/asyncutil/0.1.0/asyncutil-0.1.0.jar:/Users/laraconverso/.m2/repository/io/smallrye/config/smallrye-config/2.3.0/smallrye-config-2.3.0.jar:/Users/laraconverso/.m2/repository/io/smallrye/config/smallrye-config-core/2.3.0/smallrye-config-core-2.3.0.jar:/Users/laraconverso/.m2/repository/org/eclipse/microprofile/config/microprofile-config-api/2.0/microprofile-config-api-2.0.jar:/Users/laraconverso/.m2/repository/io/smallrye/common/smallrye-common-annotation/1.6.0/smallrye-common-annotation-1.6.0.jar:/Users/laraconverso/.m2/repository/io/smallrye/common/smallrye-common-expression/1.6.0/smallrye-common-expression-1.6.0.jar:/Users/laraconverso/.m2/repository/io/smallrye/common/smallrye-common-function/1.6.0/smallrye-common-function-1.6.0.jar:/Users/laraconverso/.m2/repository/io/smallrye/common/smallrye-common-constraint/1.6.0/smallrye-common-constraint-1.6.0.jar:/Users/laraconverso/.m2/repository/io/smallrye/common/smallrye-common-classloader/1.6.0/smallrye-common-classloader-1.6.0.jar:/Users/laraconverso/.m2/repository/io/smallrye/config/smallrye-config-common/2.3.0/smallrye-config-common-2.3.0.jar:/Users/laraconverso/.m2/repository/org/jboss/logging/jboss-logging/3.4.3.Final/jboss-logging-3.4.3.Final.jar:/Users/laraconverso/.m2/repository/commons-codec/commons-codec/1.15/commons-codec-1.15.jar:/Users/laraconverso/.m2/repository/commons-io/commons-io/2.9.0/commons-io-2.9.0.jar:/Users/laraconverso/.m2/repository/org/jboss/spec/javax/ws/rs/jboss-jaxrs-api_2.1_spec/2.0.1.Final/jboss-jaxrs-api_2.1_spec-2.0.1.Final.jar:/Users/laraconverso/.m2/repository/org/reactivestreams/reactive-streams/1.0.4/reactive-streams-1.0.4.jar:/Users/laraconverso/.m2/repository/org/jboss/resteasy/resteasy-multipart-provider/4.7.4.Final/resteasy-multipart-provider-4.7.4.Final.jar:/Users/laraconverso/.m2/repository/com/sun/mail/jakarta.mail/1.6.7/jakarta.mail-1.6.7.jar:/Users/laraconverso/.m2/repository/com/sun/activation/jakarta.activation/1.2.2/jakarta.activation-1.2.2.jar:/Users/laraconverso/.m2/repository/org/apache/james/apache-mime4j-dom/0.8.3/apache-mime4j-dom-0.8.3.jar:/Users/laraconverso/.m2/repository/org/apache/james/apache-mime4j-core/0.8.3/apache-mime4j-core-0.8.3.jar:/Users/laraconverso/.m2/repository/org/apache/james/apache-mime4j-storage/0.8.3/apache-mime4j-storage-0.8.3.jar:/Users/laraconverso/.m2/repository/org/jboss/resteasy/resteasy-jackson2-provider/4.7.4.Final/resteasy-jackson2-provider-4.7.4.Final.jar:/Users/laraconverso/.m2/repository/com/fasterxml/jackson/jaxrs/jackson-jaxrs-json-provider/2.13.3/jackson-jaxrs-json-provider-2.13.3.jar:/Users/laraconverso/.m2/repository/com/fasterxml/jackson/jaxrs/jackson-jaxrs-base/2.13.3/jackson-jaxrs-base-2.13.3.jar:/Users/laraconverso/.m2/repository/com/fasterxml/jackson/module/jackson-module-jaxb-annotations/2.13.3/jackson-module-jaxb-annotations-2.13.3.jar:/Users/laraconverso/.m2/repository/com/github/java-json-tools/json-patch/1.13/json-patch-1.13.jar:/Users/laraconverso/.m2/repository/com/github/java-json-tools/msg-simple/1.2/msg-simple-1.2.jar:/Users/laraconverso/.m2/repository/com/github/java-json-tools/btf/1.3/btf-1.3.jar:/Users/laraconverso/.m2/repository/com/github/java-json-tools/jackson-coreutils/2.0/jackson-coreutils-2.0.jar:/Users/laraconverso/.m2/repository/org/jboss/resteasy/resteasy-jaxb-provider/4.7.4.Final/resteasy-jaxb-provider-4.7.4.Final.jar:/Users/laraconverso/.m2/repository/org/jboss/spec/javax/xml/bind/jboss-jaxb-api_2.3_spec/2.0.0.Final/jboss-jaxb-api_2.3_spec-2.0.0.Final.jar:/Users/laraconverso/.m2/repository/org/glassfish/jaxb/jaxb-runtime/2.3.6/jaxb-runtime-2.3.6.jar:/Users/laraconverso/.m2/repository/org/glassfish/jaxb/txw2/2.3.6/txw2-2.3.6.jar:/Users/laraconverso/.m2/repository/com/sun/istack/istack-commons-runtime/3.0.12/istack-commons-runtime-3.0.12.jar:/Users/laraconverso/.m2/repository/org/springframework/security/spring-security-core/5.7.2/spring-security-core-5.7.2.jar:/Users/laraconverso/.m2/repository/org/springframework/security/spring-security-crypto/5.7.2/spring-security-crypto-5.7.2.jar:/Users/laraconverso/.m2/repository/org/springframework/spring-aop/5.3.21/spring-aop-5.3.21.jar:/Users/laraconverso/.m2/repository/org/springframework/spring-beans/5.3.21/spring-beans-5.3.21.jar:/Users/laraconverso/.m2/repository/org/springframework/spring-context/5.3.21/spring-context-5.3.21.jar:/Users/laraconverso/.m2/repository/org/springframework/spring-core/5.3.21/spring-core-5.3.21.jar:/Users/laraconverso/.m2/repository/org/springframework/spring-jcl/5.3.21/spring-jcl-5.3.21.jar:/Users/laraconverso/.m2/repository/org/springframework/spring-expression/5.3.21/spring-expression-5.3.21.jar:/Users/laraconverso/.m2/repository/org/springframework/boot/spring-boot-starter-test/2.7.1/spring-boot-starter-test-2.7.1.jar:/Users/laraconverso/.m2/repository/org/springframework/boot/spring-boot-test/2.7.1/spring-boot-test-2.7.1.jar:/Users/laraconverso/.m2/repository/org/springframework/boot/spring-boot-test-autoconfigure/2.7.1/spring-boot-test-autoconfigure-2.7.1.jar:/Users/laraconverso/.m2/repository/com/jayway/jsonpath/json-path/2.7.0/json-path-2.7.0.jar:/Users/laraconverso/.m2/repository/net/minidev/json-smart/2.4.8/json-smart-2.4.8.jar:/Users/laraconverso/.m2/repository/net/minidev/accessors-smart/2.4.8/accessors-smart-2.4.8.jar:/Users/laraconverso/.m2/repository/org/ow2/asm/asm/9.1/asm-9.1.jar:/Users/laraconverso/.m2/repository/jakarta/xml/bind/jakarta.xml.bind-api/2.3.3/jakarta.xml.bind-api-2.3.3.jar:/Users/laraconverso/.m2/repository/jakarta/activation/jakarta.activation-api/1.2.2/jakarta.activation-api-1.2.2.jar:/Users/laraconverso/.m2/repository/org/assertj/assertj-core/3.22.0/assertj-core-3.22.0.jar:/Users/laraconverso/.m2/repository/org/hamcrest/hamcrest/2.2/hamcrest-2.2.jar:/Users/laraconverso/.m2/repository/org/junit/jupiter/junit-jupiter/5.8.2/junit-jupiter-5.8.2.jar:/Users/laraconverso/.m2/repository/org/junit/jupiter/junit-jupiter-api/5.8.2/junit-jupiter-api-5.8.2.jar:/Users/laraconverso/.m2/repository/org/opentest4j/opentest4j/1.2.0/opentest4j-1.2.0.jar:/Users/laraconverso/.m2/repository/org/junit/platform/junit-platform-commons/1.8.2/junit-platform-commons-1.8.2.jar:/Users/laraconverso/.m2/repository/org/apiguardian/apiguardian-api/1.1.2/apiguardian-api-1.1.2.jar:/Users/laraconverso/.m2/repository/org/junit/jupiter/junit-jupiter-params/5.8.2/junit-jupiter-params-5.8.2.jar:/Users/laraconverso/.m2/repository/org/junit/jupiter/junit-jupiter-engine/5.8.2/junit-jupiter-engine-5.8.2.jar:/Users/laraconverso/.m2/repository/org/junit/platform/junit-platform-engine/1.8.2/junit-platform-engine-1.8.2.jar:/Users/laraconverso/.m2/repository/org/mockito/mockito-core/4.5.1/mockito-core-4.5.1.jar:/Users/laraconverso/.m2/repository/net/bytebuddy/byte-buddy/1.12.11/byte-buddy-1.12.11.jar:/Users/laraconverso/.m2/repository/net/bytebuddy/byte-buddy-agent/1.12.11/byte-buddy-agent-1.12.11.jar:/Users/laraconverso/.m2/repository/org/objenesis/objenesis/3.2/objenesis-3.2.jar:/Users/laraconverso/.m2/repository/org/mockito/mockito-junit-jupiter/4.5.1/mockito-junit-jupiter-4.5.1.jar:/Users/laraconverso/.m2/repository/org/skyscreamer/jsonassert/1.5.0/jsonassert-1.5.0.jar:/Users/laraconverso/.m2/repository/com/vaadin/external/google/android-json/0.0.20131108.vaadin1/android-json-0.0.20131108.vaadin1.jar:/Users/laraconverso/.m2/repository/org/springframework/spring-test/5.3.21/spring-test-5.3.21.jar:/Users/laraconverso/.m2/repository/org/xmlunit/xmlunit-core/2.9.0/xmlunit-core-2.9.0.jar:/Users/laraconverso/.m2/repository/org/springframework/security/spring-security-oauth2-client/5.7.2/spring-security-oauth2-client-5.7.2.jar:/Users/laraconverso/.m2/repository/org/springframework/security/spring-security-oauth2-core/5.7.2/spring-security-oauth2-core-5.7.2.jar:/Users/laraconverso/.m2/repository/org/springframework/security/spring-security-web/5.7.2/spring-security-web-5.7.2.jar:/Users/laraconverso/.m2/repository/com/nimbusds/oauth2-oidc-sdk/9.35/oauth2-oidc-sdk-9.35.jar:/Users/laraconverso/.m2/repository/com/github/stephenc/jcip/jcip-annotations/1.0-1/jcip-annotations-1.0-1.jar:/Users/laraconverso/.m2/repository/com/nimbusds/content-type/2.2/content-type-2.2.jar:/Users/laraconverso/.m2/repository/com/nimbusds/lang-tag/1.6/lang-tag-1.6.jar:/Users/laraconverso/.m2/repository/com/nimbusds/nimbus-jose-jwt/9.22/nimbus-jose-jwt-9.22.jar:/Users/laraconverso/.m2/repository/org/springframework/boot/spring-boot-starter-oauth2-resource-server/2.7.1/spring-boot-starter-oauth2-resource-server-2.7.1.jar:/Users/laraconverso/.m2/repository/org/springframework/security/spring-security-config/5.7.2/spring-security-config-5.7.2.jar:/Users/laraconverso/.m2/repository/org/springframework/security/spring-security-oauth2-resource-server/5.7.2/spring-security-oauth2-resource-server-5.7.2.jar:/Users/laraconverso/.m2/repository/org/springframework/security/spring-security-oauth2-jose/5.7.2/spring-security-oauth2-jose-5.7.2.jar:/Users/laraconverso/.m2/repository/org/springframework/boot/spring-boot-starter-security/2.7.1/spring-boot-starter-security-2.7.1.jar:"/>
    <property name="sun.cpu.endian" value="little"/>
    <property name="user.home" value="/Users/laraconverso"/>
    <property name="user.language" value="en"/>
    <property name="java.specification.vendor" value="Oracle Corporation"/>
    <property name="java.version.date" value="2023-04-18"/>
    <property name="java.home" value="/Users/laraconverso/Library/Java/JavaVirtualMachines/corretto-17.0.7/Contents/Home"/>
    <property name="file.separator" value="/"/>
    <property name="basedir" value="/Users/laraconverso/Desktop/Stuff/CTD/CONVERSO-LARA/ms-users"/>
    <property name="java.vm.compressedOopsMode" value="Zero based"/>
    <property name="line.separator" value="&#10;"/>
    <property name="java.vm.specification.vendor" value="Oracle Corporation"/>
    <property name="java.specification.name" value="Java Platform API Specification"/>
    <property name="surefire.real.class.path" value="/Users/laraconverso/Desktop/Stuff/CTD/CONVERSO-LARA/ms-users/target/surefire/surefirebooter11903784806903533538.jar"/>
    <property name="sun.management.compiler" value="HotSpot 64-Bit Tiered Compilers"/>
    <property name="ftp.nonProxyHosts" value="local|*.local|169.254/16|*.169.254/16"/>
    <property name="java.runtime.version" value="17.0.7+7-LTS"/>
    <property name="user.name" value="laraconverso"/>
    <property name="path.separator" value=":"/>
    <property name="os.version" value="13.5.2"/>
    <property name="java.runtime.name" value="OpenJDK Runtime Environment"/>
    <property name="file.encoding" value="UTF-8"/>
    <property name="java.vm.name" value="OpenJDK 64-Bit Server VM"/>
    <property name="java.vendor.version" value="Corretto-17.0.7.7.1"/>
    <property name="localRepository" value="/Users/laraconverso/.m2/repository"/>
    <property name="java.vendor.url.bug" value="https://github.com/corretto/corretto-17/issues/"/>
    <property name="java.io.tmpdir" value="/var/folders/qh/qlnrzv8x4ll3xyp_1gyffmsw0000gn/T/"/>
    <property name="idea.version" value="2023.1.1"/>
    <property name="java.version" value="17.0.7"/>
    <property name="user.dir" value="/Users/laraconverso/Desktop/Stuff/CTD/CONVERSO-LARA/ms-users"/>
    <property name="os.arch" value="aarch64"/>
    <property name="java.vm.specification.name" value="Java Virtual Machine Specification"/>
    <property name="native.encoding" value="UTF-8"/>
    <property name="java.library.path" value="/Users/laraconverso/Library/Java/Extensions:/Library/Java/Extensions:/Network/Library/Java/Extensions:/System/Library/Java/Extensions:/usr/lib/java:."/>
    <property name="java.vm.info" value="mixed mode, sharing"/>
    <property name="java.vendor" value="Amazon.com Inc."/>
    <property name="java.vm.version" value="17.0.7+7-LTS"/>
    <property name="sun.io.unicode.encoding" value="UnicodeBig"/>
    <property name="socksNonProxyHosts" value="local|*.local|169.254/16|*.169.254/16"/>
    <property name="java.class.version" value="61.0"/>
  </properties>
  <testcase name="contextLoads" classname="com.example.msusers.MsUsersApplicationTests" time="0.205"/>
</testsuite>